<?xml version="1.0" encoding="UTF-8"?>
<!-- Generated by org.testng.reporters.JUnitReportReporter -->
<testsuite hostname="Ido" failures="0" tests="1" name="aaa.bbb.FinalProject.tests.TestExample" time="70.797" errors="0" timestamp="2021-04-30T15:22:20 IDT" skipped="0">
  <testcase classname="aaa.bbb.FinalProject.tests.TestExample" name="Store" time="70.797"/>
  <system-out/>
</testsuite> <!-- aaa.bbb.FinalProject.tests.TestExample -->
