<?xml version="1.0" encoding="UTF-8"?>
<!-- Generated by org.testng.reporters.JUnitReportReporter -->
<testsuite hostname="Ido" failures="0" tests="1" name="aaa.bbb.FinalProject.tests.StoreTest" time="173.072" errors="0" timestamp="2021-05-29T21:17:33 IDT" skipped="0">
  <testcase classname="aaa.bbb.FinalProject.tests.StoreTest" name="Store" time="173.072"/>
  <system-out/>
</testsuite> <!-- aaa.bbb.FinalProject.tests.StoreTest -->
